<?xml version="1.0" encoding="UTF-8"?>
<testng-results ignored="0" total="4" passed="4" failed="0" skipped="0">
  <reporter-output>
  </reporter-output>
  <suite started-at="2024-01-28T11:20:54 IST" name="Default suite" finished-at="2024-01-28T11:20:56 IST" duration-ms="1343">
    <groups>
    </groups>
    <test started-at="2024-01-28T11:20:54 IST" name="Default test" finished-at="2024-01-28T11:20:56 IST" duration-ms="1343">
      <class name="ms.testng.ms.NewTest">
        <test-method signature="keyDown()[pri:0, instance:ms.testng.ms.NewTest@2756c0a7]" started-at="2024-01-28T11:20:54 IST" name="keyDown" finished-at="2024-01-28T11:20:55 IST" duration-ms="972" status="PASS">
          <reporter-output>
          </reporter-output>
        </test-method> <!-- keyDown -->
        <test-method signature="keyUp()[pri:0, instance:ms.testng.ms.NewTest@2756c0a7]" started-at="2024-01-28T11:20:55 IST" name="keyUp" finished-at="2024-01-28T11:20:55 IST" duration-ms="53" status="PASS">
          <reporter-output>
          </reporter-output>
        </test-method> <!-- keyUp -->
        <test-method signature="sendKeysToActiveElement()[pri:0, instance:ms.testng.ms.NewTest@2756c0a7]" started-at="2024-01-28T11:20:55 IST" name="sendKeysToActiveElement" finished-at="2024-01-28T11:20:55 IST" duration-ms="45" status="PASS">
          <reporter-output>
          </reporter-output>
        </test-method> <!-- sendKeysToActiveElement -->
        <test-method signature="sendKeysToDesignatedElement()[pri:0, instance:ms.testng.ms.NewTest@2756c0a7]" started-at="2024-01-28T11:20:55 IST" name="sendKeysToDesignatedElement" finished-at="2024-01-28T11:20:56 IST" duration-ms="225" status="PASS">
          <reporter-output>
          </reporter-output>
        </test-method> <!-- sendKeysToDesignatedElement -->
      </class> <!-- ms.testng.ms.NewTest -->
    </test> <!-- Default test -->
  </suite> <!-- Default suite -->
</testng-results>
